{"/Users/celigo/Documents/Workspace_GIT/express-integrator-extension/lib/server.js":{"path":"/Users/celigo/Documents/Workspace_GIT/express-integrator-extension/lib/server.js","s":{"1":1,"2":1,"3":1,"4":1,"5":1,"6":1,"7":1,"8":1,"9":1,"10":1,"11":1,"12":12,"13":0,"14":12,"15":12,"16":4,"17":8,"18":8,"19":8,"20":8,"21":8,"22":0,"23":8,"24":8,"25":8,"26":8,"27":8,"28":8,"29":8,"30":8,"31":8,"32":0,"33":8,"34":1,"35":8,"36":0,"37":8,"38":8,"39":0,"40":8,"41":8,"42":8,"43":1,"44":1},"b":{"1":[0,12],"2":[4,8],"3":[8,8],"4":[8,8],"5":[0,8],"6":[8,0],"7":[8,8],"8":[0,8],"9":[0,8]},"f":{"1":12,"2":12,"3":8,"4":0,"5":8,"6":8},"fnMap":{"1":{"name":"createServer","line":15,"loc":{"start":{"line":15,"column":0},"end":{"line":15,"column":41}}},"2":{"name":"(anonymous_2)","line":18,"loc":{"start":{"line":18,"column":38},"end":{"line":18,"column":53}}},"3":{"name":"(anonymous_3)","line":42,"loc":{"start":{"line":42,"column":30},"end":{"line":42,"column":42}}},"4":{"name":"(anonymous_4)","line":47,"loc":{"start":{"line":47,"column":23},"end":{"line":47,"column":38}}},"5":{"name":"stopServer","line":56,"loc":{"start":{"line":56,"column":0},"end":{"line":56,"column":31}}},"6":{"name":"(anonymous_6)","line":58,"loc":{"start":{"line":58,"column":15},"end":{"line":58,"column":30}}}},"statementMap":{"1":{"start":{"line":3,"column":0},"end":{"line":3,"column":32}},"2":{"start":{"line":4,"column":0},"end":{"line":4,"column":39}},"3":{"start":{"line":5,"column":0},"end":{"line":5,"column":32}},"4":{"start":{"line":6,"column":0},"end":{"line":6,"column":26}},"5":{"start":{"line":7,"column":0},"end":{"line":7,"column":28}},"6":{"start":{"line":8,"column":0},"end":{"line":8,"column":32}},"7":{"start":{"line":9,"column":0},"end":{"line":9,"column":31}},"8":{"start":{"line":10,"column":0},"end":{"line":10,"column":47}},"9":{"start":{"line":11,"column":0},"end":{"line":11,"column":38}},"10":{"start":{"line":13,"column":0},"end":{"line":13,"column":16}},"11":{"start":{"line":15,"column":0},"end":{"line":54,"column":1}},"12":{"start":{"line":16,"column":2},"end":{"line":16,"column":72}},"13":{"start":{"line":16,"column":14},"end":{"line":16,"column":72}},"14":{"start":{"line":18,"column":2},"end":{"line":53,"column":4}},"15":{"start":{"line":19,"column":4},"end":{"line":19,"column":33}},"16":{"start":{"line":19,"column":13},"end":{"line":19,"column":33}},"17":{"start":{"line":21,"column":4},"end":{"line":21,"column":63}},"18":{"start":{"line":22,"column":4},"end":{"line":22,"column":64}},"19":{"start":{"line":24,"column":4},"end":{"line":24,"column":23}},"20":{"start":{"line":26,"column":4},"end":{"line":26,"column":45}},"21":{"start":{"line":28,"column":4},"end":{"line":28,"column":63}},"22":{"start":{"line":28,"column":32},"end":{"line":28,"column":63}},"23":{"start":{"line":30,"column":4},"end":{"line":34,"column":5}},"24":{"start":{"line":36,"column":4},"end":{"line":36,"column":52}},"25":{"start":{"line":37,"column":4},"end":{"line":37,"column":57}},"26":{"start":{"line":39,"column":4},"end":{"line":39,"column":15}},"27":{"start":{"line":40,"column":4},"end":{"line":40,"column":28}},"28":{"start":{"line":42,"column":4},"end":{"line":45,"column":6}},"29":{"start":{"line":43,"column":6},"end":{"line":43,"column":83}},"30":{"start":{"line":44,"column":6},"end":{"line":44,"column":23}},"31":{"start":{"line":47,"column":4},"end":{"line":49,"column":6}},"32":{"start":{"line":48,"column":6},"end":{"line":48,"column":83}},"33":{"start":{"line":52,"column":4},"end":{"line":52,"column":45}},"34":{"start":{"line":56,"column":0},"end":{"line":65,"column":1}},"35":{"start":{"line":57,"column":2},"end":{"line":57,"column":67}},"36":{"start":{"line":57,"column":15},"end":{"line":57,"column":67}},"37":{"start":{"line":58,"column":2},"end":{"line":64,"column":4}},"38":{"start":{"line":59,"column":4},"end":{"line":59,"column":33}},"39":{"start":{"line":59,"column":13},"end":{"line":59,"column":33}},"40":{"start":{"line":60,"column":4},"end":{"line":60,"column":22}},"41":{"start":{"line":62,"column":4},"end":{"line":62,"column":89}},"42":{"start":{"line":63,"column":4},"end":{"line":63,"column":21}},"43":{"start":{"line":67,"column":0},"end":{"line":67,"column":35}},"44":{"start":{"line":68,"column":0},"end":{"line":68,"column":31}}},"branchMap":{"1":{"line":16,"type":"if","locations":[{"start":{"line":16,"column":2},"end":{"line":16,"column":2}},{"start":{"line":16,"column":2},"end":{"line":16,"column":2}}]},"2":{"line":19,"type":"if","locations":[{"start":{"line":19,"column":4},"end":{"line":19,"column":4}},{"start":{"line":19,"column":4},"end":{"line":19,"column":4}}]},"3":{"line":21,"type":"binary-expr","locations":[{"start":{"line":21,"column":34},"end":{"line":21,"column":51}},{"start":{"line":21,"column":55},"end":{"line":21,"column":63}}]},"4":{"line":22,"type":"binary-expr","locations":[{"start":{"line":22,"column":35},"end":{"line":22,"column":52}},{"start":{"line":22,"column":56},"end":{"line":22,"column":64}}]},"5":{"line":28,"type":"if","locations":[{"start":{"line":28,"column":4},"end":{"line":28,"column":4}},{"start":{"line":28,"column":4},"end":{"line":28,"column":4}}]},"6":{"line":40,"type":"binary-expr","locations":[{"start":{"line":40,"column":11},"end":{"line":40,"column":22}},{"start":{"line":40,"column":26},"end":{"line":40,"column":28}}]},"7":{"line":52,"type":"binary-expr","locations":[{"start":{"line":52,"column":21},"end":{"line":52,"column":35}},{"start":{"line":52,"column":39},"end":{"line":52,"column":45}}]},"8":{"line":57,"type":"if","locations":[{"start":{"line":57,"column":2},"end":{"line":57,"column":2}},{"start":{"line":57,"column":2},"end":{"line":57,"column":2}}]},"9":{"line":59,"type":"if","locations":[{"start":{"line":59,"column":4},"end":{"line":59,"column":4}},{"start":{"line":59,"column":4},"end":{"line":59,"column":4}}]}}},"/Users/celigo/Documents/Workspace_GIT/express-integrator-extension/lib/routes.js":{"path":"/Users/celigo/Documents/Workspace_GIT/express-integrator-extension/lib/routes.js","s":{"1":1,"2":1,"3":1,"4":8,"5":0,"6":8,"7":0,"8":8,"9":1,"10":20,"11":19,"12":1,"13":1,"14":1,"15":19,"16":19,"17":12,"18":7},"b":{"1":[19,1],"2":[12,7]},"f":{"1":8,"2":0,"3":0,"4":20,"5":19,"6":19},"fnMap":{"1":{"name":"(anonymous_1)","line":6,"loc":{"start":{"line":6,"column":17},"end":{"line":6,"column":32}}},"2":{"name":"(anonymous_2)","line":7,"loc":{"start":{"line":7,"column":15},"end":{"line":7,"column":35}}},"3":{"name":"(anonymous_3)","line":11,"loc":{"start":{"line":11,"column":26},"end":{"line":11,"column":46}}},"4":{"name":"authenticate","line":21,"loc":{"start":{"line":21,"column":0},"end":{"line":21,"column":39}}},"5":{"name":"callFunction","line":27,"loc":{"start":{"line":27,"column":0},"end":{"line":27,"column":39}}},"6":{"name":"(anonymous_6)","line":28,"loc":{"start":{"line":28,"column":53},"end":{"line":28,"column":76}}}},"statementMap":{"1":{"start":{"line":3,"column":0},"end":{"line":3,"column":32}},"2":{"start":{"line":4,"column":0},"end":{"line":4,"column":38}},"3":{"start":{"line":6,"column":0},"end":{"line":19,"column":1}},"4":{"start":{"line":7,"column":2},"end":{"line":9,"column":4}},"5":{"start":{"line":8,"column":4},"end":{"line":8,"column":31}},"6":{"start":{"line":11,"column":2},"end":{"line":13,"column":4}},"7":{"start":{"line":12,"column":4},"end":{"line":12,"column":31}},"8":{"start":{"line":15,"column":2},"end":{"line":18,"column":3}},"9":{"start":{"line":21,"column":0},"end":{"line":25,"column":1}},"10":{"start":{"line":22,"column":2},"end":{"line":22,"column":48}},"11":{"start":{"line":22,"column":35},"end":{"line":22,"column":48}},"12":{"start":{"line":23,"column":2},"end":{"line":23,"column":53}},"13":{"start":{"line":24,"column":2},"end":{"line":24,"column":86}},"14":{"start":{"line":27,"column":0},"end":{"line":34,"column":1}},"15":{"start":{"line":28,"column":2},"end":{"line":33,"column":4}},"16":{"start":{"line":29,"column":4},"end":{"line":31,"column":5}},"17":{"start":{"line":30,"column":6},"end":{"line":30,"column":66}},"18":{"start":{"line":32,"column":4},"end":{"line":32,"column":27}}},"branchMap":{"1":{"line":22,"type":"if","locations":[{"start":{"line":22,"column":2},"end":{"line":22,"column":2}},{"start":{"line":22,"column":2},"end":{"line":22,"column":2}}]},"2":{"line":29,"type":"if","locations":[{"start":{"line":29,"column":4},"end":{"line":29,"column":4}},{"start":{"line":29,"column":4},"end":{"line":29,"column":4}}]}}},"/Users/celigo/Documents/Workspace_GIT/express-integrator-extension/lib/errors.js":{"path":"/Users/celigo/Documents/Workspace_GIT/express-integrator-extension/lib/errors.js","s":{"1":1,"2":1,"3":1,"4":1,"5":1,"6":2,"7":2,"8":1,"9":1,"10":1,"11":1,"12":1},"b":{"1":[1,1],"2":[2,0]},"f":{"1":1,"2":1},"fnMap":{"1":{"name":"(anonymous_1)","line":25,"loc":{"start":{"line":25,"column":15},"end":{"line":25,"column":39}}},"2":{"name":"(anonymous_2)","line":36,"loc":{"start":{"line":36,"column":10},"end":{"line":36,"column":25}}}},"statementMap":{"1":{"start":{"line":3,"column":0},"end":{"line":23,"column":1}},"2":{"start":{"line":25,"column":0},"end":{"line":34,"column":1}},"3":{"start":{"line":26,"column":2},"end":{"line":26,"column":55}},"4":{"start":{"line":27,"column":2},"end":{"line":27,"column":30}},"5":{"start":{"line":28,"column":2},"end":{"line":32,"column":3}},"6":{"start":{"line":29,"column":4},"end":{"line":31,"column":5}},"7":{"start":{"line":30,"column":6},"end":{"line":30,"column":36}},"8":{"start":{"line":33,"column":2},"end":{"line":33,"column":14}},"9":{"start":{"line":36,"column":0},"end":{"line":38,"column":1}},"10":{"start":{"line":37,"column":2},"end":{"line":37,"column":20}},"11":{"start":{"line":40,"column":0},"end":{"line":40,"column":27}},"12":{"start":{"line":41,"column":0},"end":{"line":41,"column":17}}},"branchMap":{"1":{"line":26,"type":"binary-expr","locations":[{"start":{"line":26,"column":24},"end":{"line":26,"column":31}},{"start":{"line":26,"column":35},"end":{"line":26,"column":54}}]},"2":{"line":29,"type":"if","locations":[{"start":{"line":29,"column":4},"end":{"line":29,"column":4}},{"start":{"line":29,"column":4},"end":{"line":29,"column":4}}]}}},"/Users/celigo/Documents/Workspace_GIT/express-integrator-extension/lib/extension.js":{"path":"/Users/celigo/Documents/Workspace_GIT/express-integrator-extension/lib/extension.js","s":{"1":1,"2":1,"3":1,"4":1,"5":1,"6":1,"7":1,"8":9,"9":1,"10":8,"11":1,"12":20,"13":20,"14":1,"15":19,"16":1},"b":{"1":[1,8],"2":[1,19],"3":[20,20]},"f":{"1":1,"2":9,"3":20},"fnMap":{"1":{"name":"ExpressExtension","line":6,"loc":{"start":{"line":6,"column":0},"end":{"line":6,"column":29}}},"2":{"name":"(anonymous_2)","line":10,"loc":{"start":{"line":10,"column":60},"end":{"line":10,"column":88}}},"3":{"name":"(anonymous_3)","line":15,"loc":{"start":{"line":15,"column":42},"end":{"line":15,"column":57}}}},"statementMap":{"1":{"start":{"line":1,"column":0},"end":{"line":1,"column":47}},"2":{"start":{"line":2,"column":0},"end":{"line":2,"column":26}},"3":{"start":{"line":3,"column":0},"end":{"line":3,"column":32}},"4":{"start":{"line":4,"column":0},"end":{"line":4,"column":37}},"5":{"start":{"line":6,"column":0},"end":{"line":6,"column":31}},"6":{"start":{"line":8,"column":0},"end":{"line":8,"column":42}},"7":{"start":{"line":10,"column":0},"end":{"line":13,"column":1}},"8":{"start":{"line":11,"column":2},"end":{"line":11,"column":94}},"9":{"start":{"line":11,"column":27},"end":{"line":11,"column":94}},"10":{"start":{"line":12,"column":2},"end":{"line":12,"column":19}},"11":{"start":{"line":15,"column":0},"end":{"line":23,"column":1}},"12":{"start":{"line":16,"column":2},"end":{"line":16,"column":48}},"13":{"start":{"line":18,"column":2},"end":{"line":20,"column":3}},"14":{"start":{"line":19,"column":4},"end":{"line":19,"column":16}},"15":{"start":{"line":22,"column":2},"end":{"line":22,"column":13}},"16":{"start":{"line":25,"column":0},"end":{"line":25,"column":39}}},"branchMap":{"1":{"line":11,"type":"if","locations":[{"start":{"line":11,"column":2},"end":{"line":11,"column":2}},{"start":{"line":11,"column":2},"end":{"line":11,"column":2}}]},"2":{"line":18,"type":"if","locations":[{"start":{"line":18,"column":2},"end":{"line":18,"column":2}},{"start":{"line":18,"column":2},"end":{"line":18,"column":2}}]},"3":{"line":18,"type":"binary-expr","locations":[{"start":{"line":18,"column":6},"end":{"line":18,"column":30}},{"start":{"line":18,"column":34},"end":{"line":18,"column":85}}]}}},"/Users/celigo/Documents/Workspace_GIT/express-integrator-extension/lib/util.js":{"path":"/Users/celigo/Documents/Workspace_GIT/express-integrator-extension/lib/util.js","s":{"1":1,"2":1,"3":20,"4":20,"5":20,"6":20,"7":20,"8":20,"9":20,"10":20,"11":0,"12":0,"13":0,"14":0,"15":20,"16":1},"b":{"1":[20,0],"2":[20,20],"3":[20,0],"4":[20,0],"5":[0,0],"6":[0,0],"7":[0,0],"8":[0,0]},"f":{"1":20},"fnMap":{"1":{"name":"(anonymous_1)","line":3,"loc":{"start":{"line":3,"column":17},"end":{"line":3,"column":32}}}},"statementMap":{"1":{"start":{"line":1,"column":0},"end":{"line":1,"column":13}},"2":{"start":{"line":3,"column":0},"end":{"line":21,"column":1}},"3":{"start":{"line":4,"column":2},"end":{"line":4,"column":11}},"4":{"start":{"line":5,"column":2},"end":{"line":18,"column":3}},"5":{"start":{"line":6,"column":4},"end":{"line":6,"column":52}},"6":{"start":{"line":7,"column":4},"end":{"line":13,"column":5}},"7":{"start":{"line":8,"column":6},"end":{"line":8,"column":27}},"8":{"start":{"line":9,"column":6},"end":{"line":9,"column":32}},"9":{"start":{"line":10,"column":6},"end":{"line":12,"column":7}},"10":{"start":{"line":11,"column":8},"end":{"line":11,"column":27}},"11":{"start":{"line":14,"column":9},"end":{"line":18,"column":3}},"12":{"start":{"line":15,"column":4},"end":{"line":15,"column":33}},"13":{"start":{"line":16,"column":9},"end":{"line":18,"column":3}},"14":{"start":{"line":17,"column":4},"end":{"line":17,"column":34}},"15":{"start":{"line":20,"column":2},"end":{"line":20,"column":14}},"16":{"start":{"line":23,"column":0},"end":{"line":23,"column":21}}},"branchMap":{"1":{"line":5,"type":"if","locations":[{"start":{"line":5,"column":2},"end":{"line":5,"column":2}},{"start":{"line":5,"column":2},"end":{"line":5,"column":2}}]},"2":{"line":5,"type":"binary-expr","locations":[{"start":{"line":5,"column":6},"end":{"line":5,"column":17}},{"start":{"line":5,"column":21},"end":{"line":5,"column":46}}]},"3":{"line":7,"type":"if","locations":[{"start":{"line":7,"column":4},"end":{"line":7,"column":4}},{"start":{"line":7,"column":4},"end":{"line":7,"column":4}}]},"4":{"line":10,"type":"if","locations":[{"start":{"line":10,"column":6},"end":{"line":10,"column":6}},{"start":{"line":10,"column":6},"end":{"line":10,"column":6}}]},"5":{"line":14,"type":"if","locations":[{"start":{"line":14,"column":9},"end":{"line":14,"column":9}},{"start":{"line":14,"column":9},"end":{"line":14,"column":9}}]},"6":{"line":14,"type":"binary-expr","locations":[{"start":{"line":14,"column":13},"end":{"line":14,"column":21}},{"start":{"line":14,"column":25},"end":{"line":14,"column":46}}]},"7":{"line":16,"type":"if","locations":[{"start":{"line":16,"column":9},"end":{"line":16,"column":9}},{"start":{"line":16,"column":9},"end":{"line":16,"column":9}}]},"8":{"line":16,"type":"binary-expr","locations":[{"start":{"line":16,"column":13},"end":{"line":16,"column":22}},{"start":{"line":16,"column":26},"end":{"line":16,"column":48}}]}}}}