TN:
SF:/Users/celigo/Documents/Workspace_GIT/express-integrator-extension/lib/server.js
FN:15,createServer
FN:18,(anonymous_2)
FN:42,(anonymous_3)
FN:47,(anonymous_4)
FN:56,stopServer
FN:58,(anonymous_6)
FNF:6
FNH:5
FNDA:12,createServer
FNDA:12,(anonymous_2)
FNDA:8,(anonymous_3)
FNDA:0,(anonymous_4)
FNDA:8,stopServer
FNDA:8,(anonymous_6)
DA:3,1
DA:4,1
DA:5,1
DA:6,1
DA:7,1
DA:8,1
DA:9,1
DA:10,1
DA:11,1
DA:13,1
DA:15,1
DA:16,12
DA:18,12
DA:19,12
DA:21,8
DA:22,8
DA:24,8
DA:26,8
DA:28,8
DA:30,8
DA:36,8
DA:37,8
DA:39,8
DA:40,8
DA:42,8
DA:43,8
DA:44,8
DA:47,8
DA:48,0
DA:52,8
DA:56,1
DA:57,8
DA:58,8
DA:59,8
DA:60,8
DA:62,8
DA:63,8
DA:67,1
DA:68,1
LF:39
LH:38
BRDA:16,1,0,0
BRDA:16,1,1,12
BRDA:19,2,0,4
BRDA:19,2,1,8
BRDA:21,3,0,8
BRDA:21,3,1,8
BRDA:22,4,0,8
BRDA:22,4,1,8
BRDA:28,5,0,0
BRDA:28,5,1,8
BRDA:40,6,0,8
BRDA:40,6,1,0
BRDA:52,7,0,8
BRDA:52,7,1,8
BRDA:57,8,0,0
BRDA:57,8,1,8
BRDA:59,9,0,0
BRDA:59,9,1,8
BRF:18
BRH:13
end_of_record
TN:
SF:/Users/celigo/Documents/Workspace_GIT/express-integrator-extension/lib/routes.js
FN:6,(anonymous_1)
FN:7,(anonymous_2)
FN:11,(anonymous_3)
FN:21,authenticate
FN:27,callFunction
FN:28,(anonymous_6)
FNF:6
FNH:4
FNDA:8,(anonymous_1)
FNDA:0,(anonymous_2)
FNDA:0,(anonymous_3)
FNDA:20,authenticate
FNDA:19,callFunction
FNDA:19,(anonymous_6)
DA:3,1
DA:4,1
DA:6,1
DA:7,8
DA:8,0
DA:11,8
DA:12,0
DA:15,8
DA:21,1
DA:22,20
DA:23,1
DA:24,1
DA:27,1
DA:28,19
DA:29,19
DA:30,12
DA:32,7
LF:17
LH:15
BRDA:22,1,0,19
BRDA:22,1,1,1
BRDA:29,2,0,12
BRDA:29,2,1,7
BRF:4
BRH:4
end_of_record
TN:
SF:/Users/celigo/Documents/Workspace_GIT/express-integrator-extension/lib/errors.js
FN:25,(anonymous_1)
FN:36,(anonymous_2)
FNF:2
FNH:2
FNDA:1,(anonymous_1)
FNDA:1,(anonymous_2)
DA:3,1
DA:25,1
DA:26,1
DA:27,1
DA:28,1
DA:29,2
DA:30,2
DA:33,1
DA:36,1
DA:37,1
DA:40,1
DA:41,1
LF:12
LH:12
BRDA:26,1,0,1
BRDA:26,1,1,1
BRDA:29,2,0,2
BRDA:29,2,1,0
BRF:4
BRH:3
end_of_record
TN:
SF:/Users/celigo/Documents/Workspace_GIT/express-integrator-extension/lib/extension.js
FN:6,ExpressExtension
FN:10,(anonymous_2)
FN:15,(anonymous_3)
FNF:3
FNH:3
FNDA:1,ExpressExtension
FNDA:9,(anonymous_2)
FNDA:20,(anonymous_3)
DA:1,1
DA:2,1
DA:3,1
DA:4,1
DA:6,1
DA:8,1
DA:10,1
DA:11,9
DA:12,8
DA:15,1
DA:16,20
DA:18,20
DA:19,1
DA:22,19
DA:25,1
LF:15
LH:15
BRDA:11,1,0,1
BRDA:11,1,1,8
BRDA:18,2,0,1
BRDA:18,2,1,19
BRDA:18,3,0,20
BRDA:18,3,1,20
BRF:6
BRH:6
end_of_record
TN:
SF:/Users/celigo/Documents/Workspace_GIT/express-integrator-extension/lib/util.js
FN:3,(anonymous_1)
FNF:1
FNH:1
FNDA:20,(anonymous_1)
DA:1,1
DA:3,1
DA:4,20
DA:5,20
DA:6,20
DA:7,20
DA:8,20
DA:9,20
DA:10,20
DA:11,20
DA:14,0
DA:15,0
DA:16,0
DA:17,0
DA:20,20
DA:23,1
LF:16
LH:12
BRDA:5,1,0,20
BRDA:5,1,1,0
BRDA:5,2,0,20
BRDA:5,2,1,20
BRDA:7,3,0,20
BRDA:7,3,1,0
BRDA:10,4,0,20
BRDA:10,4,1,0
BRDA:14,5,0,0
BRDA:14,5,1,0
BRDA:14,6,0,0
BRDA:14,6,1,0
BRDA:16,7,0,0
BRDA:16,7,1,0
BRDA:16,8,0,0
BRDA:16,8,1,0
BRF:16
BRH:5
end_of_record
